---------------------------------------------------------------
[ 2018-01-11T16:39:49+08:00 ] 127.0.0.1 GET /
[ info ] thinkshop.cn/ [运行时间：0.073004s][吞吐率：13.70req/s] [内存消耗：1,064.41kb] [文件加载：40]
[ info ] [ LANG ] D:\phpStudy\WWW\Thinkshop\thinkphp\lang\zh-cn.php
[ info ] [ ROUTE ] array (
  'type' => 'module',
  'module' => 
  array (
    0 => '',
    1 => NULL,
    2 => NULL,
  ),
)
[ info ] [ HEADER ] array (
  'cookie' => 'pgv_pvi=986275840',
  'accept-language' => 'zh-CN,zh;q=0.8',
  'accept-encoding' => 'gzip, deflate, sdch',
  'accept' => 'text/html,application/xhtml+xml,application/xml;q=0.9,image/webp,*/*;q=0.8',
  'user-agent' => 'Mozilla/5.0 (Windows NT 6.1; WOW64) AppleWebKit/537.36 (KHTML, like Gecko) Chrome/53.0.2785.104 Safari/537.36 Core/1.53.4549.400 QQBrowser/9.7.12918.400',
  'upgrade-insecure-requests' => '1',
  'connection' => 'close',
  'host' => 'thinkshop.cn',
)
[ info ] [ PARAM ] array (
)
[ info ] [ RUN ] app\index\controller\Index->index[ D:\phpStudy\WWW\Thinkshop\application\index\controller\Index.php ]
[ info ] [ LOG ] INIT File
[ error ] [1]Call to undefined method app\index\controller\Index::fetch()[D:\phpStudy\WWW\Thinkshop\application\index\controller\Index.php:8]
---------------------------------------------------------------
[ 2018-01-11T16:41:23+08:00 ] 127.0.0.1 GET /
[ info ] thinkshop.cn/ [运行时间：0.045003s][吞吐率：22.22req/s] [内存消耗：1,064.53kb] [文件加载：40]
[ info ] [ LANG ] D:\phpStudy\WWW\Thinkshop\thinkphp\lang\zh-cn.php
[ info ] [ ROUTE ] array (
  'type' => 'module',
  'module' => 
  array (
    0 => '',
    1 => NULL,
    2 => NULL,
  ),
)
[ info ] [ HEADER ] array (
  'cookie' => 'pgv_pvi=986275840',
  'accept-language' => 'zh-CN,zh;q=0.8',
  'accept-encoding' => 'gzip, deflate, sdch',
  'accept' => 'text/html,application/xhtml+xml,application/xml;q=0.9,image/webp,*/*;q=0.8',
  'user-agent' => 'Mozilla/5.0 (Windows NT 6.1; WOW64) AppleWebKit/537.36 (KHTML, like Gecko) Chrome/53.0.2785.104 Safari/537.36 Core/1.53.4549.400 QQBrowser/9.7.12918.400',
  'upgrade-insecure-requests' => '1',
  'cache-control' => 'max-age=0',
  'connection' => 'close',
  'host' => 'thinkshop.cn',
)
[ info ] [ PARAM ] array (
)
[ info ] [ RUN ] app\index\controller\Index->index[ D:\phpStudy\WWW\Thinkshop\application\index\controller\Index.php ]
[ info ] [ LOG ] INIT File
[ error ] [1]Call to undefined method app\index\controller\Index::fetch()[D:\phpStudy\WWW\Thinkshop\application\index\controller\Index.php:8]
