---------------------------------------------------------------
[ 2018-01-16T14:24:30+08:00 ] 127.0.0.1 GET /
[ info ] thinkshop.cn/ [运行时间：0.122007s][吞吐率：8.20req/s] [内存消耗：1,451.04kb] [文件加载：45]
[ info ] [ LANG ] D:\phpStudy\WWW\Thinkshop\thinkphp\lang\zh-cn.php
[ info ] [ ROUTE ] array (
  'type' => 'module',
  'module' => 
  array (
    0 => '',
    1 => NULL,
    2 => NULL,
  ),
)
[ info ] [ HEADER ] array (
  'cookie' => 'pgv_pvi=986275840',
  'accept-language' => 'zh-CN,zh;q=0.8',
  'accept-encoding' => 'gzip, deflate, sdch',
  'accept' => 'text/html,application/xhtml+xml,application/xml;q=0.9,image/webp,*/*;q=0.8',
  'user-agent' => 'Mozilla/5.0 (Windows NT 6.1; WOW64) AppleWebKit/537.36 (KHTML, like Gecko) Chrome/53.0.2785.104 Safari/537.36 Core/1.53.4549.400 QQBrowser/9.7.12918.400',
  'upgrade-insecure-requests' => '1',
  'connection' => 'close',
  'host' => 'thinkshop.cn',
)
[ info ] [ PARAM ] array (
)
[ info ] [ RUN ] app\index\controller\Index->index[ D:\phpStudy\WWW\Thinkshop\application\index\controller\Index.php ]
[ info ] [ VIEW ] D:\phpStudy\WWW\Thinkshop\public/../application/index\view\index\index.html [ array (
) ]
[ info ] [ LOG ] INIT File
---------------------------------------------------------------
[ 2018-01-16T14:25:22+08:00 ] 127.0.0.1 GET /
[ info ] thinkshop.cn/ [运行时间：0.102006s][吞吐率：9.80req/s] [内存消耗：1,451.51kb] [文件加载：45]
[ info ] [ LANG ] D:\phpStudy\WWW\Thinkshop\thinkphp\lang\zh-cn.php
[ info ] [ ROUTE ] array (
  'type' => 'module',
  'module' => 
  array (
    0 => '',
    1 => NULL,
    2 => NULL,
  ),
)
[ info ] [ HEADER ] array (
  'cookie' => 'pgv_pvi=986275840',
  'accept-language' => 'zh-CN,zh;q=0.8',
  'accept-encoding' => 'gzip, deflate, sdch',
  'accept' => 'text/html,application/xhtml+xml,application/xml;q=0.9,image/webp,*/*;q=0.8',
  'user-agent' => 'Mozilla/5.0 (Windows NT 6.1; WOW64) AppleWebKit/537.36 (KHTML, like Gecko) Chrome/53.0.2785.104 Safari/537.36 Core/1.53.4549.400 QQBrowser/9.7.12918.400',
  'upgrade-insecure-requests' => '1',
  'cache-control' => 'max-age=0',
  'connection' => 'close',
  'host' => 'thinkshop.cn',
)
[ info ] [ PARAM ] array (
)
[ info ] [ RUN ] app\index\controller\Index->index[ D:\phpStudy\WWW\Thinkshop\application\index\controller\Index.php ]
[ info ] [ VIEW ] D:\phpStudy\WWW\Thinkshop\public/../application/index\view\index\index.html [ array (
) ]
[ info ] [ LOG ] INIT File
---------------------------------------------------------------
[ 2018-01-16T14:26:22+08:00 ] 127.0.0.1 GET /
[ info ] thinkshop.cn/ [运行时间：0.073004s][吞吐率：13.70req/s] [内存消耗：1,453.39kb] [文件加载：45]
[ info ] [ LANG ] D:\phpStudy\WWW\Thinkshop\thinkphp\lang\zh-cn.php
[ info ] [ ROUTE ] array (
  'type' => 'module',
  'module' => 
  array (
    0 => '',
    1 => NULL,
    2 => NULL,
  ),
)
[ info ] [ HEADER ] array (
  'cookie' => 'pgv_pvi=986275840',
  'accept-language' => 'zh-CN,zh;q=0.8',
  'accept-encoding' => 'gzip, deflate, sdch',
  'accept' => 'text/html,application/xhtml+xml,application/xml;q=0.9,image/webp,*/*;q=0.8',
  'user-agent' => 'Mozilla/5.0 (Windows NT 6.1; WOW64) AppleWebKit/537.36 (KHTML, like Gecko) Chrome/53.0.2785.104 Safari/537.36 Core/1.53.4549.400 QQBrowser/9.7.12918.400',
  'upgrade-insecure-requests' => '1',
  'cache-control' => 'max-age=0',
  'connection' => 'close',
  'host' => 'thinkshop.cn',
)
[ info ] [ PARAM ] array (
)
[ info ] [ RUN ] app\index\controller\Index->index[ D:\phpStudy\WWW\Thinkshop\application\index\controller\Index.php ]
[ info ] [ VIEW ] D:\phpStudy\WWW\Thinkshop\public/../application/index\view\index\index.html [ array (
) ]
[ info ] [ LOG ] INIT File
---------------------------------------------------------------
[ 2018-01-16T14:28:11+08:00 ] 127.0.0.1 GET /
[ info ] thinkshop.cn/ [运行时间：0.090006s][吞吐率：11.11req/s] [内存消耗：1,271.02kb] [文件加载：43]
[ info ] [ LANG ] D:\phpStudy\WWW\Thinkshop\thinkphp\lang\zh-cn.php
[ info ] [ ROUTE ] array (
  'type' => 'module',
  'module' => 
  array (
    0 => '',
    1 => NULL,
    2 => NULL,
  ),
)
[ info ] [ HEADER ] array (
  'cookie' => 'pgv_pvi=986275840',
  'accept-language' => 'zh-CN,zh;q=0.8',
  'accept-encoding' => 'gzip, deflate, sdch',
  'accept' => 'text/html,application/xhtml+xml,application/xml;q=0.9,image/webp,*/*;q=0.8',
  'user-agent' => 'Mozilla/5.0 (Windows NT 6.1; WOW64) AppleWebKit/537.36 (KHTML, like Gecko) Chrome/53.0.2785.104 Safari/537.36 Core/1.53.4549.400 QQBrowser/9.7.12918.400',
  'upgrade-insecure-requests' => '1',
  'cache-control' => 'max-age=0',
  'connection' => 'close',
  'host' => 'thinkshop.cn',
)
[ info ] [ PARAM ] array (
)
[ info ] [ RUN ] app\index\controller\Index->index[ D:\phpStudy\WWW\Thinkshop\application\index\controller\Index.php ]
[ info ] [ VIEW ] D:\phpStudy\WWW\Thinkshop\public/../application/index\view\index\index.html [ array (
) ]
[ info ] [ LOG ] INIT File
---------------------------------------------------------------
[ 2018-01-16T14:32:40+08:00 ] 127.0.0.1 GET /
[ info ] thinkshop.cn/ [运行时间：0.089005s][吞吐率：11.24req/s] [内存消耗：1,453.54kb] [文件加载：45]
[ info ] [ LANG ] D:\phpStudy\WWW\Thinkshop\thinkphp\lang\zh-cn.php
[ info ] [ ROUTE ] array (
  'type' => 'module',
  'module' => 
  array (
    0 => '',
    1 => NULL,
    2 => NULL,
  ),
)
[ info ] [ HEADER ] array (
  'cookie' => 'pgv_pvi=986275840',
  'accept-language' => 'zh-CN,zh;q=0.8',
  'accept-encoding' => 'gzip, deflate, sdch',
  'accept' => 'text/html,application/xhtml+xml,application/xml;q=0.9,image/webp,*/*;q=0.8',
  'user-agent' => 'Mozilla/5.0 (Windows NT 6.1; WOW64) AppleWebKit/537.36 (KHTML, like Gecko) Chrome/53.0.2785.104 Safari/537.36 Core/1.53.4549.400 QQBrowser/9.7.12918.400',
  'upgrade-insecure-requests' => '1',
  'cache-control' => 'max-age=0',
  'connection' => 'close',
  'host' => 'thinkshop.cn',
)
[ info ] [ PARAM ] array (
)
[ info ] [ RUN ] app\index\controller\Index->index[ D:\phpStudy\WWW\Thinkshop\application\index\controller\Index.php ]
[ info ] [ VIEW ] D:\phpStudy\WWW\Thinkshop\public/../application/index\view\index\index.html [ array (
) ]
[ info ] [ LOG ] INIT File
---------------------------------------------------------------
[ 2018-01-16T15:12:25+08:00 ] 127.0.0.1 GET /
[ info ] thinkshop.cn/ [运行时间：0.112006s][吞吐率：8.93req/s] [内存消耗：1,449.34kb] [文件加载：45]
[ info ] [ LANG ] D:\phpStudy\WWW\Thinkshop\thinkphp\lang\zh-cn.php
[ info ] [ ROUTE ] array (
  'type' => 'module',
  'module' => 
  array (
    0 => '',
    1 => NULL,
    2 => NULL,
  ),
)
[ info ] [ HEADER ] array (
  'cookie' => 'pgv_pvi=986275840',
  'accept-language' => 'zh-CN,zh;q=0.8',
  'accept-encoding' => 'gzip, deflate, sdch',
  'accept' => 'text/html,application/xhtml+xml,application/xml;q=0.9,image/webp,*/*;q=0.8',
  'user-agent' => 'Mozilla/5.0 (Windows NT 6.1; WOW64) AppleWebKit/537.36 (KHTML, like Gecko) Chrome/53.0.2785.104 Safari/537.36 Core/1.53.4549.400 QQBrowser/9.7.12918.400',
  'upgrade-insecure-requests' => '1',
  'cache-control' => 'max-age=0',
  'connection' => 'close',
  'host' => 'thinkshop.cn',
)
[ info ] [ PARAM ] array (
)
[ info ] [ RUN ] app\index\controller\Index->index[ D:\phpStudy\WWW\Thinkshop\application\index\controller\Index.php ]
[ info ] [ VIEW ] D:\phpStudy\WWW\Thinkshop\public/../application/index\view\index\index.html [ array (
) ]
[ info ] [ LOG ] INIT File
---------------------------------------------------------------
[ 2018-01-16T15:14:00+08:00 ] 127.0.0.1 GET /
[ info ] thinkshop.cn/ [运行时间：0.053003s][吞吐率：18.87req/s] [内存消耗：1,449.27kb] [文件加载：45]
[ info ] [ LANG ] D:\phpStudy\WWW\Thinkshop\thinkphp\lang\zh-cn.php
[ info ] [ ROUTE ] array (
  'type' => 'module',
  'module' => 
  array (
    0 => '',
    1 => NULL,
    2 => NULL,
  ),
)
[ info ] [ HEADER ] array (
  'cookie' => 'pgv_pvi=986275840',
  'accept-language' => 'zh-CN,zh;q=0.8',
  'accept-encoding' => 'gzip, deflate, sdch',
  'accept' => 'text/html,application/xhtml+xml,application/xml;q=0.9,image/webp,*/*;q=0.8',
  'user-agent' => 'Mozilla/5.0 (Windows NT 6.1; WOW64) AppleWebKit/537.36 (KHTML, like Gecko) Chrome/53.0.2785.104 Safari/537.36 Core/1.53.4549.400 QQBrowser/9.7.12918.400',
  'upgrade-insecure-requests' => '1',
  'cache-control' => 'max-age=0',
  'connection' => 'close',
  'host' => 'thinkshop.cn',
)
[ info ] [ PARAM ] array (
)
[ info ] [ RUN ] app\index\controller\Index->index[ D:\phpStudy\WWW\Thinkshop\application\index\controller\Index.php ]
[ info ] [ VIEW ] D:\phpStudy\WWW\Thinkshop\public/../application/index\view\index\index.html [ array (
) ]
[ info ] [ LOG ] INIT File
---------------------------------------------------------------
[ 2018-01-16T15:21:36+08:00 ] 127.0.0.1 GET /index.php?s=user
[ info ] thinkshop.cn/index.php?s=user [运行时间：0.060003s][吞吐率：16.67req/s] [内存消耗：1,056.00kb] [文件加载：38]
[ info ] [ LANG ] D:\phpStudy\WWW\Thinkshop\thinkphp\lang\zh-cn.php
[ info ] [ ROUTE ] array (
  'type' => 'module',
  'module' => 
  array (
    0 => 'user',
    1 => NULL,
    2 => NULL,
  ),
)
[ info ] [ HEADER ] array (
  'cookie' => 'pgv_pvi=986275840',
  'accept-language' => 'zh-CN,zh;q=0.8',
  'accept-encoding' => 'gzip, deflate, sdch',
  'accept' => 'text/html,application/xhtml+xml,application/xml;q=0.9,image/webp,*/*;q=0.8',
  'user-agent' => 'Mozilla/5.0 (Windows NT 6.1; WOW64) AppleWebKit/537.36 (KHTML, like Gecko) Chrome/53.0.2785.104 Safari/537.36 Core/1.53.4549.400 QQBrowser/9.7.12918.400',
  'upgrade-insecure-requests' => '1',
  'connection' => 'close',
  'host' => 'thinkshop.cn',
)
[ info ] [ PARAM ] array (
)
[ info ] [ LOG ] INIT File
---------------------------------------------------------------
[ 2018-01-16T15:21:51+08:00 ] 127.0.0.1 GET /index.php?s=User
[ info ] thinkshop.cn/index.php?s=User [运行时间：0.041002s][吞吐率：24.39req/s] [内存消耗：1,056.00kb] [文件加载：38]
[ info ] [ LANG ] D:\phpStudy\WWW\Thinkshop\thinkphp\lang\zh-cn.php
[ info ] [ ROUTE ] array (
  'type' => 'module',
  'module' => 
  array (
    0 => 'User',
    1 => NULL,
    2 => NULL,
  ),
)
[ info ] [ HEADER ] array (
  'cookie' => 'pgv_pvi=986275840',
  'accept-language' => 'zh-CN,zh;q=0.8',
  'accept-encoding' => 'gzip, deflate, sdch',
  'accept' => 'text/html,application/xhtml+xml,application/xml;q=0.9,image/webp,*/*;q=0.8',
  'user-agent' => 'Mozilla/5.0 (Windows NT 6.1; WOW64) AppleWebKit/537.36 (KHTML, like Gecko) Chrome/53.0.2785.104 Safari/537.36 Core/1.53.4549.400 QQBrowser/9.7.12918.400',
  'upgrade-insecure-requests' => '1',
  'connection' => 'close',
  'host' => 'thinkshop.cn',
)
[ info ] [ PARAM ] array (
)
[ info ] [ LOG ] INIT File
---------------------------------------------------------------
[ 2018-01-16T15:23:34+08:00 ] 127.0.0.1 GET /index.php?s=index/user/login
[ info ] thinkshop.cn/index.php?s=index/user/login [运行时间：0.060003s][吞吐率：16.67req/s] [内存消耗：1,373.94kb] [文件加载：45]
[ info ] [ LANG ] D:\phpStudy\WWW\Thinkshop\thinkphp\lang\zh-cn.php
[ info ] [ ROUTE ] array (
  'type' => 'module',
  'module' => 
  array (
    0 => 'index',
    1 => 'user',
    2 => 'login',
  ),
)
[ info ] [ HEADER ] array (
  'cookie' => 'pgv_pvi=986275840',
  'accept-language' => 'zh-CN,zh;q=0.8',
  'accept-encoding' => 'gzip, deflate, sdch',
  'accept' => 'text/html,application/xhtml+xml,application/xml;q=0.9,image/webp,*/*;q=0.8',
  'user-agent' => 'Mozilla/5.0 (Windows NT 6.1; WOW64) AppleWebKit/537.36 (KHTML, like Gecko) Chrome/53.0.2785.104 Safari/537.36 Core/1.53.4549.400 QQBrowser/9.7.12918.400',
  'upgrade-insecure-requests' => '1',
  'connection' => 'close',
  'host' => 'thinkshop.cn',
)
[ info ] [ PARAM ] array (
)
[ info ] [ RUN ] app\index\controller\User->login[ D:\phpStudy\WWW\Thinkshop\application\index\controller\User.php ]
[ info ] [ VIEW ] D:\phpStudy\WWW\Thinkshop\public/../application/index\view\user\login.html [ array (
) ]
[ info ] [ LOG ] INIT File
---------------------------------------------------------------
[ 2018-01-16T15:26:55+08:00 ] 127.0.0.1 GET /index.php?s=index/user/register
[ info ] thinkshop.cn/index.php?s=index/user/register [运行时间：0.064004s][吞吐率：15.62req/s] [内存消耗：1,374.81kb] [文件加载：45]
[ info ] [ LANG ] D:\phpStudy\WWW\Thinkshop\thinkphp\lang\zh-cn.php
[ info ] [ ROUTE ] array (
  'type' => 'module',
  'module' => 
  array (
    0 => 'index',
    1 => 'user',
    2 => 'register',
  ),
)
[ info ] [ HEADER ] array (
  'cookie' => 'pgv_pvi=986275840',
  'accept-language' => 'zh-CN,zh;q=0.8',
  'accept-encoding' => 'gzip, deflate, sdch',
  'accept' => 'text/html,application/xhtml+xml,application/xml;q=0.9,image/webp,*/*;q=0.8',
  'user-agent' => 'Mozilla/5.0 (Windows NT 6.1; WOW64) AppleWebKit/537.36 (KHTML, like Gecko) Chrome/53.0.2785.104 Safari/537.36 Core/1.53.4549.400 QQBrowser/9.7.12918.400',
  'upgrade-insecure-requests' => '1',
  'connection' => 'close',
  'host' => 'thinkshop.cn',
)
[ info ] [ PARAM ] array (
)
[ info ] [ RUN ] app\index\controller\User->register[ D:\phpStudy\WWW\Thinkshop\application\index\controller\User.php ]
[ info ] [ VIEW ] D:\phpStudy\WWW\Thinkshop\public/../application/index\view\user\register.html [ array (
) ]
[ info ] [ LOG ] INIT File
---------------------------------------------------------------
[ 2018-01-16T15:28:34+08:00 ] 127.0.0.1 GET /index.php?
[ info ] thinkshop.cn/index.php? [运行时间：0.054003s][吞吐率：18.52req/s] [内存消耗：1,271.33kb] [文件加载：43]
[ info ] [ LANG ] D:\phpStudy\WWW\Thinkshop\thinkphp\lang\zh-cn.php
[ info ] [ ROUTE ] array (
  'type' => 'module',
  'module' => 
  array (
    0 => '',
    1 => NULL,
    2 => NULL,
  ),
)
[ info ] [ HEADER ] array (
  'cookie' => 'pgv_pvi=986275840',
  'accept-language' => 'zh-CN,zh;q=0.8',
  'accept-encoding' => 'gzip, deflate, sdch',
  'referer' => 'http://thinkshop.cn/index.php?s=index/user/register',
  'accept' => 'text/html,application/xhtml+xml,application/xml;q=0.9,image/webp,*/*;q=0.8',
  'user-agent' => 'Mozilla/5.0 (Windows NT 6.1; WOW64) AppleWebKit/537.36 (KHTML, like Gecko) Chrome/53.0.2785.104 Safari/537.36 Core/1.53.4549.400 QQBrowser/9.7.12918.400',
  'upgrade-insecure-requests' => '1',
  'connection' => 'close',
  'host' => 'thinkshop.cn',
)
[ info ] [ PARAM ] array (
)
[ info ] [ RUN ] app\index\controller\Index->index[ D:\phpStudy\WWW\Thinkshop\application\index\controller\Index.php ]
[ info ] [ VIEW ] D:\phpStudy\WWW\Thinkshop\public/../application/index\view\index\index.html [ array (
) ]
[ info ] [ LOG ] INIT File
---------------------------------------------------------------
[ 2018-01-16T15:28:38+08:00 ] 127.0.0.1 GET /index.php?s=index/user/register
[ info ] thinkshop.cn/index.php?s=index/user/register [运行时间：0.044003s][吞吐率：22.73req/s] [内存消耗：1,254.91kb] [文件加载：43]
[ info ] [ LANG ] D:\phpStudy\WWW\Thinkshop\thinkphp\lang\zh-cn.php
[ info ] [ ROUTE ] array (
  'type' => 'module',
  'module' => 
  array (
    0 => 'index',
    1 => 'user',
    2 => 'register',
  ),
)
[ info ] [ HEADER ] array (
  'cookie' => 'pgv_pvi=986275840',
  'accept-language' => 'zh-CN,zh;q=0.8',
  'accept-encoding' => 'gzip, deflate, sdch',
  'referer' => 'http://thinkshop.cn/index.php?s=index/user/register',
  'accept' => 'text/html,application/xhtml+xml,application/xml;q=0.9,image/webp,*/*;q=0.8',
  'user-agent' => 'Mozilla/5.0 (Windows NT 6.1; WOW64) AppleWebKit/537.36 (KHTML, like Gecko) Chrome/53.0.2785.104 Safari/537.36 Core/1.53.4549.400 QQBrowser/9.7.12918.400',
  'upgrade-insecure-requests' => '1',
  'connection' => 'close',
  'host' => 'thinkshop.cn',
)
[ info ] [ PARAM ] array (
)
[ info ] [ RUN ] app\index\controller\User->register[ D:\phpStudy\WWW\Thinkshop\application\index\controller\User.php ]
[ info ] [ VIEW ] D:\phpStudy\WWW\Thinkshop\public/../application/index\view\user\register.html [ array (
) ]
[ info ] [ LOG ] INIT File
---------------------------------------------------------------
[ 2018-01-16T17:21:11+08:00 ] 127.0.0.1 GET /index.php?s=admin/index
[ info ] thinkshop.cn/index.php?s=admin/index [运行时间：0.049003s][吞吐率：20.41req/s] [内存消耗：1,032.28kb] [文件加载：38]
[ info ] [ LANG ] D:\phpStudy\WWW\Thinkshop\thinkphp\lang\zh-cn.php
[ info ] [ ROUTE ] array (
  'type' => 'module',
  'module' => 
  array (
    0 => 'admin',
    1 => 'index',
    2 => NULL,
  ),
)
[ info ] [ HEADER ] array (
  'cookie' => 'pgv_pvi=986275840',
  'accept-language' => 'zh-CN,zh;q=0.8',
  'accept-encoding' => 'gzip, deflate, sdch',
  'accept' => 'text/html,application/xhtml+xml,application/xml;q=0.9,image/webp,*/*;q=0.8',
  'user-agent' => 'Mozilla/5.0 (Windows NT 6.1; WOW64) AppleWebKit/537.36 (KHTML, like Gecko) Chrome/53.0.2785.104 Safari/537.36 Core/1.53.4549.400 QQBrowser/9.7.12918.400',
  'upgrade-insecure-requests' => '1',
  'connection' => 'close',
  'host' => 'thinkshop.cn',
)
[ info ] [ PARAM ] array (
)
[ info ] [ RUN ] app\admin\controller\Index->index[ D:\phpStudy\WWW\Thinkshop\application\admin\controller\Index.php ]
[ info ] [ LOG ] INIT File
---------------------------------------------------------------
[ 2018-01-16T17:22:01+08:00 ] 127.0.0.1 GET /index.php?s=admin/index
[ info ] thinkshop.cn/index.php?s=admin/index [运行时间：0.068004s][吞吐率：14.70req/s] [内存消耗：1,076.38kb] [文件加载：41]
[ info ] [ LANG ] D:\phpStudy\WWW\Thinkshop\thinkphp\lang\zh-cn.php
[ info ] [ ROUTE ] array (
  'type' => 'module',
  'module' => 
  array (
    0 => 'admin',
    1 => 'index',
    2 => NULL,
  ),
)
[ info ] [ HEADER ] array (
  'cookie' => 'pgv_pvi=986275840; pgv_si=s2807844864',
  'accept-language' => 'zh-CN,zh;q=0.8',
  'accept-encoding' => 'gzip, deflate, sdch',
  'accept' => 'text/html,application/xhtml+xml,application/xml;q=0.9,image/webp,*/*;q=0.8',
  'user-agent' => 'Mozilla/5.0 (Windows NT 6.1; WOW64) AppleWebKit/537.36 (KHTML, like Gecko) Chrome/53.0.2785.104 Safari/537.36 Core/1.53.4549.400 QQBrowser/9.7.12918.400',
  'upgrade-insecure-requests' => '1',
  'cache-control' => 'max-age=0',
  'connection' => 'close',
  'host' => 'thinkshop.cn',
)
[ info ] [ PARAM ] array (
)
[ info ] [ LOG ] INIT File
[ error ] [4]语法错误: unexpected 'class' (T_CLASS), expecting ',' or ';'[D:\phpStudy\WWW\Thinkshop\application\admin\controller\Index.php:5]
---------------------------------------------------------------
[ 2018-01-16T17:22:14+08:00 ] 127.0.0.1 GET /index.php?s=admin/index
[ info ] thinkshop.cn/index.php?s=admin/index [运行时间：0.075005s][吞吐率：13.33req/s] [内存消耗：1,391.34kb] [文件加载：47]
[ info ] [ LANG ] D:\phpStudy\WWW\Thinkshop\thinkphp\lang\zh-cn.php
[ info ] [ ROUTE ] array (
  'type' => 'module',
  'module' => 
  array (
    0 => 'admin',
    1 => 'index',
    2 => NULL,
  ),
)
[ info ] [ HEADER ] array (
  'cookie' => 'pgv_pvi=986275840; pgv_si=s2807844864',
  'accept-language' => 'zh-CN,zh;q=0.8',
  'accept-encoding' => 'gzip, deflate, sdch',
  'accept' => 'text/html,application/xhtml+xml,application/xml;q=0.9,image/webp,*/*;q=0.8',
  'user-agent' => 'Mozilla/5.0 (Windows NT 6.1; WOW64) AppleWebKit/537.36 (KHTML, like Gecko) Chrome/53.0.2785.104 Safari/537.36 Core/1.53.4549.400 QQBrowser/9.7.12918.400',
  'upgrade-insecure-requests' => '1',
  'cache-control' => 'max-age=0',
  'connection' => 'close',
  'host' => 'thinkshop.cn',
)
[ info ] [ PARAM ] array (
)
[ info ] [ RUN ] app\admin\controller\Index->index[ D:\phpStudy\WWW\Thinkshop\application\admin\controller\Index.php ]
[ info ] [ VIEW ] D:\phpStudy\WWW\Thinkshop\public/../application/admin\view\index\index.html [ array (
) ]
[ info ] [ LOG ] INIT File
---------------------------------------------------------------
[ 2018-01-16T17:23:51+08:00 ] 127.0.0.1 GET /index.php?s=admin/index
[ info ] thinkshop.cn/index.php?s=admin/index [运行时间：0.071004s][吞吐率：14.08req/s] [内存消耗：1,387.68kb] [文件加载：47]
[ info ] [ LANG ] D:\phpStudy\WWW\Thinkshop\thinkphp\lang\zh-cn.php
[ info ] [ ROUTE ] array (
  'type' => 'module',
  'module' => 
  array (
    0 => 'admin',
    1 => 'index',
    2 => NULL,
  ),
)
[ info ] [ HEADER ] array (
  'cookie' => 'pgv_pvi=986275840; pgv_si=s2807844864; Hm_lvt_080836300300be57b7f34f4b3e97d911=1516094537; Hm_lpvt_080836300300be57b7f34f4b3e97d911=1516094537',
  'accept-language' => 'zh-CN,zh;q=0.8',
  'accept-encoding' => 'gzip, deflate, sdch',
  'accept' => 'text/html,application/xhtml+xml,application/xml;q=0.9,image/webp,*/*;q=0.8',
  'user-agent' => 'Mozilla/5.0 (Windows NT 6.1; WOW64) AppleWebKit/537.36 (KHTML, like Gecko) Chrome/53.0.2785.104 Safari/537.36 Core/1.53.4549.400 QQBrowser/9.7.12918.400',
  'upgrade-insecure-requests' => '1',
  'cache-control' => 'max-age=0',
  'connection' => 'close',
  'host' => 'thinkshop.cn',
)
[ info ] [ PARAM ] array (
)
[ info ] [ RUN ] app\admin\controller\Index->index[ D:\phpStudy\WWW\Thinkshop\application\admin\controller\Index.php ]
[ info ] [ VIEW ] D:\phpStudy\WWW\Thinkshop\public/../application/admin\view\index\index.html [ array (
) ]
[ info ] [ LOG ] INIT File
---------------------------------------------------------------
[ 2018-01-16T17:25:36+08:00 ] 127.0.0.1 GET /index.php?s=admin/index
[ info ] thinkshop.cn/index.php?s=admin/index [运行时间：0.067004s][吞吐率：14.92req/s] [内存消耗：1,387.98kb] [文件加载：47]
[ info ] [ LANG ] D:\phpStudy\WWW\Thinkshop\thinkphp\lang\zh-cn.php
[ info ] [ ROUTE ] array (
  'type' => 'module',
  'module' => 
  array (
    0 => 'admin',
    1 => 'index',
    2 => NULL,
  ),
)
[ info ] [ HEADER ] array (
  'cookie' => 'pgv_pvi=986275840; pgv_si=s2807844864; Hm_lvt_080836300300be57b7f34f4b3e97d911=1516094537; Hm_lpvt_080836300300be57b7f34f4b3e97d911=1516094634',
  'accept-language' => 'zh-CN,zh;q=0.8',
  'accept-encoding' => 'gzip, deflate, sdch',
  'accept' => 'text/html,application/xhtml+xml,application/xml;q=0.9,image/webp,*/*;q=0.8',
  'user-agent' => 'Mozilla/5.0 (Windows NT 6.1; WOW64) AppleWebKit/537.36 (KHTML, like Gecko) Chrome/53.0.2785.104 Safari/537.36 Core/1.53.4549.400 QQBrowser/9.7.12918.400',
  'upgrade-insecure-requests' => '1',
  'cache-control' => 'no-cache',
  'pragma' => 'no-cache',
  'connection' => 'close',
  'host' => 'thinkshop.cn',
)
[ info ] [ PARAM ] array (
)
[ info ] [ RUN ] app\admin\controller\Index->index[ D:\phpStudy\WWW\Thinkshop\application\admin\controller\Index.php ]
[ info ] [ VIEW ] D:\phpStudy\WWW\Thinkshop\public/../application/admin\view\index\index.html [ array (
) ]
[ info ] [ LOG ] INIT File
---------------------------------------------------------------
[ 2018-01-16T17:26:38+08:00 ] 127.0.0.1 GET /index.php?s=admin/index
[ info ] thinkshop.cn/index.php?s=admin/index [运行时间：0.071004s][吞吐率：14.08req/s] [内存消耗：1,387.84kb] [文件加载：47]
[ info ] [ LANG ] D:\phpStudy\WWW\Thinkshop\thinkphp\lang\zh-cn.php
[ info ] [ ROUTE ] array (
  'type' => 'module',
  'module' => 
  array (
    0 => 'admin',
    1 => 'index',
    2 => NULL,
  ),
)
[ info ] [ HEADER ] array (
  'cookie' => 'pgv_pvi=986275840; pgv_si=s2807844864; Hm_lvt_080836300300be57b7f34f4b3e97d911=1516094537; Hm_lpvt_080836300300be57b7f34f4b3e97d911=1516094739',
  'accept-language' => 'zh-CN,zh;q=0.8',
  'accept-encoding' => 'gzip, deflate, sdch',
  'accept' => 'text/html,application/xhtml+xml,application/xml;q=0.9,image/webp,*/*;q=0.8',
  'user-agent' => 'Mozilla/5.0 (Windows NT 6.1; WOW64) AppleWebKit/537.36 (KHTML, like Gecko) Chrome/53.0.2785.104 Safari/537.36 Core/1.53.4549.400 QQBrowser/9.7.12918.400',
  'upgrade-insecure-requests' => '1',
  'cache-control' => 'max-age=0',
  'connection' => 'close',
  'host' => 'thinkshop.cn',
)
[ info ] [ PARAM ] array (
)
[ info ] [ RUN ] app\admin\controller\Index->index[ D:\phpStudy\WWW\Thinkshop\application\admin\controller\Index.php ]
[ info ] [ VIEW ] D:\phpStudy\WWW\Thinkshop\public/../application/admin\view\index\index.html [ array (
) ]
[ info ] [ LOG ] INIT File
---------------------------------------------------------------
[ 2018-01-16T17:26:45+08:00 ] 127.0.0.1 GET /index.php?s=admin/index
[ info ] thinkshop.cn/index.php?s=admin/index [运行时间：0.060003s][吞吐率：16.67req/s] [内存消耗：1,255.35kb] [文件加载：45]
[ info ] [ LANG ] D:\phpStudy\WWW\Thinkshop\thinkphp\lang\zh-cn.php
[ info ] [ ROUTE ] array (
  'type' => 'module',
  'module' => 
  array (
    0 => 'admin',
    1 => 'index',
    2 => NULL,
  ),
)
[ info ] [ HEADER ] array (
  'cookie' => 'pgv_pvi=986275840; pgv_si=s2807844864; Hm_lvt_080836300300be57b7f34f4b3e97d911=1516094537; Hm_lpvt_080836300300be57b7f34f4b3e97d911=1516094739',
  'accept-language' => 'zh-CN,zh;q=0.8',
  'accept-encoding' => 'gzip, deflate, sdch',
  'accept' => 'text/html,application/xhtml+xml,application/xml;q=0.9,image/webp,*/*;q=0.8',
  'user-agent' => 'Mozilla/5.0 (Windows NT 6.1; WOW64) AppleWebKit/537.36 (KHTML, like Gecko) Chrome/53.0.2785.104 Safari/537.36 Core/1.53.4549.400 QQBrowser/9.7.12918.400',
  'upgrade-insecure-requests' => '1',
  'cache-control' => 'max-age=0',
  'connection' => 'close',
  'host' => 'thinkshop.cn',
)
[ info ] [ PARAM ] array (
)
[ info ] [ RUN ] app\admin\controller\Index->index[ D:\phpStudy\WWW\Thinkshop\application\admin\controller\Index.php ]
[ info ] [ VIEW ] D:\phpStudy\WWW\Thinkshop\public/../application/admin\view\index\index.html [ array (
) ]
[ info ] [ LOG ] INIT File
